2022-12-05 19:12:09,631 [Worker-3: Loading available Gradle versions] INFO  o.e.b.c.i.u.g.PublishedGradleVersions - Gradle version information cache is out-of-date. Trying to update.
2022-12-05 19:16:28,295 [Worker-6: Creating project "snake"] INFO  o.e.m.c.i.l.LifecycleMappingFactory - Using org.eclipse.m2e.jdt.JarLifecycleMapping lifecycle mapping for MavenProject: akm:snake:0.0.1-SNAPSHOT @ C:\Users\Adam\Desktop\CSUSM\Fall 2022\SE 481\ClassProjectTwo\snake\pom.xml.
2022-12-05 19:16:33,370 [Worker-6: Creating project "snake"] INFO  o.e.m.j.i.AbstractJavaProjectConfigurator - Adding source folder /snake/src/main/java
2022-12-05 19:16:33,374 [Worker-6: Creating project "snake"] INFO  o.e.m.j.i.AbstractJavaProjectConfigurator - Adding resource folder /snake/src/main/resources
2022-12-05 19:16:33,378 [Worker-6: Creating project "snake"] INFO  o.e.m.j.i.AbstractJavaProjectConfigurator - Adding source folder /snake/src/test/java
2022-12-05 19:16:33,379 [Worker-6: Creating project "snake"] INFO  o.e.m.j.i.AbstractJavaProjectConfigurator - Adding resource folder /snake/src/test/resources
2022-12-05 19:16:36,961 [Worker-5: Building workspace] WARN  o.e.m.c.i.embedder.EclipseLogger - Using platform encoding (Cp1252 actually) to copy filtered resources, i.e. build is platform dependent!
2022-12-05 19:16:36,978 [Worker-5: Building workspace] INFO  o.e.m.c.i.embedder.EclipseLogger - Copying 0 resource
2022-12-05 19:16:36,990 [Worker-5: Building workspace] WARN  o.e.m.c.i.embedder.EclipseLogger - Using platform encoding (Cp1252 actually) to copy filtered resources, i.e. build is platform dependent!
2022-12-05 19:16:36,993 [Worker-5: Building workspace] INFO  o.e.m.c.i.embedder.EclipseLogger - Copying 0 resource
2022-12-05 19:26:41,419 [Worker-7: Building workspace] WARN  o.e.m.c.i.embedder.EclipseLogger - Using platform encoding (Cp1252 actually) to copy filtered resources, i.e. build is platform dependent!
2022-12-05 19:26:41,426 [Worker-7: Building workspace] INFO  o.e.m.c.i.embedder.EclipseLogger - Copying 0 resource
2022-12-05 19:26:41,433 [Worker-7: Building workspace] WARN  o.e.m.c.i.embedder.EclipseLogger - Using platform encoding (Cp1252 actually) to copy filtered resources, i.e. build is platform dependent!
2022-12-05 19:26:41,441 [Worker-7: Building workspace] INFO  o.e.m.c.i.embedder.EclipseLogger - Copying 0 resource
2022-12-05 19:28:46,291 [Worker-13: Building Workspace] INFO  o.e.m.c.i.l.LifecycleMappingFactory - Using org.eclipse.m2e.jdt.JarLifecycleMapping lifecycle mapping for MavenProject: akm:snake:0.0.1-SNAPSHOT @ C:\Users\Adam\Desktop\CSUSM\Fall 2022\SE 481\ClassProjectTwo\snake\pom.xml.
2022-12-05 19:28:49,093 [Worker-13: Building Workspace] WARN  o.e.m.c.i.embedder.EclipseLogger - Using platform encoding (Cp1252 actually) to copy filtered resources, i.e. build is platform dependent!
2022-12-05 19:28:49,102 [Worker-13: Building Workspace] INFO  o.e.m.c.i.embedder.EclipseLogger - Copying 0 resource
2022-12-05 19:28:49,108 [Worker-13: Building Workspace] WARN  o.e.m.c.i.embedder.EclipseLogger - Using platform encoding (Cp1252 actually) to copy filtered resources, i.e. build is platform dependent!
2022-12-05 19:28:49,111 [Worker-13: Building Workspace] INFO  o.e.m.c.i.embedder.EclipseLogger - Copying 0 resource
2022-12-05 19:29:05,781 [Worker-13: Building workspace] WARN  o.e.m.c.i.embedder.EclipseLogger - Using platform encoding (Cp1252 actually) to copy filtered resources, i.e. build is platform dependent!
2022-12-05 19:29:05,786 [Worker-13: Building workspace] INFO  o.e.m.c.i.embedder.EclipseLogger - Copying 0 resource
2022-12-05 19:29:05,802 [Worker-13: Building workspace] WARN  o.e.m.c.i.embedder.EclipseLogger - Using platform encoding (Cp1252 actually) to copy filtered resources, i.e. build is platform dependent!
2022-12-05 19:29:05,809 [Worker-13: Building workspace] INFO  o.e.m.c.i.embedder.EclipseLogger - Copying 0 resource
2022-12-05 19:29:09,143 [Worker-14: Building workspace] WARN  o.e.m.c.i.embedder.EclipseLogger - Using platform encoding (Cp1252 actually) to copy filtered resources, i.e. build is platform dependent!
2022-12-05 19:29:09,148 [Worker-14: Building workspace] INFO  o.e.m.c.i.embedder.EclipseLogger - Copying 0 resource
2022-12-05 19:29:09,152 [Worker-14: Building workspace] WARN  o.e.m.c.i.embedder.EclipseLogger - Using platform encoding (Cp1252 actually) to copy filtered resources, i.e. build is platform dependent!
2022-12-05 19:29:09,154 [Worker-14: Building workspace] INFO  o.e.m.c.i.embedder.EclipseLogger - Copying 0 resource
